This is pdfTeX, Version 3.14159265-2.6-1.40.20 (TeX Live 2019) (preloaded format=pdfcsplain 2020.2.18)  28 FEB 2020 15:45
entering extended mode
 restricted \write18 enabled.
 %&-line parsing enabled.
 encTeX v. Jun. 2004, reencoding enabled
**myslides.tex
(./myslides.tex The format: csplain <Mar. 2019>.
The cs-fonts are preloaded and A4 size implicitly defined.
The utf8->iso8859-2 re-encoding of Czech+Slovak alphabet activated by encTeX
(./ctuslides2.tex
(/usr/local/texlive/2019/texmf-dist/tex/csplain/opmac/opmac.tex
This is OPmac (Olsak's Plain macros), version <Jul. 2019>
\tmpnum=\count28
\tmpdim=\dimen16
\iindent=\dimen17
\ttindent=\dimen18
\colsep=\dimen19
\mnoteindent=\dimen20
\mnotesize=\dimen21
\titskip=\skip18
\ptunit=\dimen22
\fontdim=\dimen23
(/usr/local/texlive/2019/texmf-dist/tex/csplain/fonts/ams-math.tex
FONT: AMS math fonts - \mathchardef's prepared, 12 math families preloaded.
\ptmunit=\dimen24
)
The \^, \`, \', \v, \" and \r expands to characters by ISO-8859-2.
\reffile=\write0
\testin=\read0
\chapnum=\count29
\secnum=\count30
\seccnum=\count31
\nonumnum=\count32
\remskipamount=\skip19
\tnum=\count33
\fnum=\count34
\dnum=\count35
\itemnum=\count36
\mullines=\count37
\oulnum=\count38
\ttline=\count39
\viline=\count40
\vifile=\read1
\tabdata=\toks12
\colnum=\count41
\drulewidth=\dimen25
\picwidth=\dimen26
\picheight=\dimen27
\fnotenum=\count42
\fnotenumlocal=\count43
\mnotenum=\count44
\mnoteskip=\dimen28
\auxfile=\write1
\bibnum=\count45
\bibmark=\toks13
\lastcitenum=\count46
\lastpage=\count47
\pgwidth=\dimen29
\pgheight=\dimen30
\shiftoffset=\dimen31

(./myslides.ref)
\openout0 = `myslides.ref'.

)
(/usr/local/texlive/2019/texmf-dist/tex/csplain/base/t1code.tex
Font encoding set to Cork.
The \^,\`,\',\v,\",\r,\c,\~,\H,\u,\. and \k expands to characters by Cork.
(/usr/local/texlive/2019/texmf-dist/tex/csplain/base/t1enc-u.tex))
(/usr/local/texlive/2019/texmf-dist/tex/csplain/fonts/lmfonts.tex
(/usr/local/texlive/2019/texmf-dist/tex/csplain/fonts/ff-mac.tex)
FONT: Latin Modern - {\caps \sans \ttset \slant \nbold \ttprop \ttlight \ttcond
 \quotset \upital \dunhill } {\rm \bf \it \bi } +AMS
)
\faculty=\toks14
\department=\toks15
\verbbox=\count48
) [1.1{/usr/local/texlive/2019/texmf-var/fonts/map/pdftex/updmap/pdftex.map}]
[2.1] [3.1] [4.1] [5.1] [6.1] [7.1] [8.1] [9.1] [10.1] [11.1] [12.1] [13.1] ){/
usr/local/texlive/2019/texmf-dist/fonts/enc/dvips/lm/lm-rm.enc}{/usr/local/texl
ive/2019/texmf-dist/fonts/enc/dvips/lm/lm-mathit.enc}{/usr/local/texlive/2019/t
exmf-dist/fonts/enc/dvips/lm/lm-ec.enc}{/usr/local/texlive/2019/texmf-dist/font
s/enc/dvips/lm/lm-mathsy.enc}</usr/local/texlive/2019/texmf-dist/fonts/type1/pu
blic/lm/lmbx12.pfb></usr/local/texlive/2019/texmf-dist/fonts/type1/public/lm/lm
mi12.pfb></usr/local/texlive/2019/texmf-dist/fonts/type1/public/lm/lmr12.pfb></
usr/local/texlive/2019/texmf-dist/fonts/type1/public/lm/lmr17.pfb></usr/local/t
exlive/2019/texmf-dist/fonts/type1/public/lm/lmri12.pfb></usr/local/texlive/201
9/texmf-dist/fonts/type1/public/lm/lmsy10.pfb></usr/local/texlive/2019/texmf-di
st/fonts/type1/public/lm/lmtt12.pfb></usr/local/texlive/2019/texmf-dist/fonts/t
ype1/public/amsfonts/symbols/msbm10.pfb>
Output written on myslides.pdf (13 pages, 141493 bytes).
PDF statistics:
 106 PDF objects out of 1000 (max. 8388607)
 82 compressed objects within 1 object stream
 13 named destinations out of 1000 (max. 500000)
 1 words of extra memory for PDF output out of 10000 (max. 10000000)

