This is pdfTeX, Version 3.14159265-2.6-1.40.20 (TeX Live 2019) (preloaded format=pdfcsplain 2020.2.18)  28 FEB 2020 11:34
entering extended mode
 restricted \write18 enabled.
 %&-line parsing enabled.
 encTeX v. Jun. 2004, reencoding enabled
**slides.tex
(./slides.tex The format: csplain <Mar. 2019>.
The cs-fonts are preloaded and A4 size implicitly defined.
The utf8->iso8859-2 re-encoding of Czech+Slovak alphabet activated by encTeX
(./ctuslides2.tex
(/usr/local/texlive/2019/texmf-dist/tex/csplain/opmac/opmac.tex
This is OPmac (Olsak's Plain macros), version <Jul. 2019>
\tmpnum=\count28
\tmpdim=\dimen16
\iindent=\dimen17
\ttindent=\dimen18
\colsep=\dimen19
\mnoteindent=\dimen20
\mnotesize=\dimen21
\titskip=\skip18
\ptunit=\dimen22
\fontdim=\dimen23
(/usr/local/texlive/2019/texmf-dist/tex/csplain/fonts/ams-math.tex
FONT: AMS math fonts - \mathchardef's prepared, 12 math families preloaded.
\ptmunit=\dimen24
)
The \^, \`, \', \v, \" and \r expands to characters by ISO-8859-2.
\reffile=\write0
\testin=\read0
\chapnum=\count29
\secnum=\count30
\seccnum=\count31
\nonumnum=\count32
\remskipamount=\skip19
\tnum=\count33
\fnum=\count34
\dnum=\count35
\itemnum=\count36
\mullines=\count37
\oulnum=\count38
\ttline=\count39
\viline=\count40
\vifile=\read1
\tabdata=\toks12
\colnum=\count41
\drulewidth=\dimen25
\picwidth=\dimen26
\picheight=\dimen27
\fnotenum=\count42
\fnotenumlocal=\count43
\mnotenum=\count44
\mnoteskip=\dimen28
\auxfile=\write1
\bibnum=\count45
\bibmark=\toks13
\lastcitenum=\count46
\lastpage=\count47
\pgwidth=\dimen29
\pgheight=\dimen30
\shiftoffset=\dimen31

(./slides.ref)
\openout0 = `slides.ref'.

){/usr/local/texlive/2019/texmf-var/fonts/map/pdftex/updmap/pdftex.map}
\faculty=\toks14
\department=\toks15
\verbbox=\count48
) English hyphenation used (\language=0). \nonfrenchspacing is set on.
[1.1 <./ctulogo-new.pdf>] [2.1] [3.1] [4.1] [4.2] [4.3] [4.4] [4.5] [5.1]
[5.2] [6.1] [6.2] [7.1] [7.2] [8.1] [9.1] [9.2] [9.3] [9.4] [9.5] [9.6]
[9.7] [10.1] [10.2 <./cmelak1.jpg>] [11.1] [11.2] [11.3] [12.1] [12.2] ){xl2tec
h.enc}{/usr/local/texlive/2019/texmf-dist/fonts/enc/dvips/lm/lm-cs.enc}<./Techn
ika-Bold.pfb><./Technika-Italic.pfb><./Technika-Regular.pfb></usr/local/texlive
/2019/texmf-dist/fonts/type1/public/cs/csr17.pfb></usr/local/texlive/2019/texmf
-dist/fonts/type1/public/cs/cstt12.pfb></usr/local/texlive/2019/texmf-dist/font
s/type1/public/lm/lmssbx10.pfb>
Output written on slides.pdf (29 pages, 207833 bytes).
PDF statistics:
 522 PDF objects out of 1000 (max. 8388607)
 478 compressed objects within 5 object streams
 29 named destinations out of 1000 (max. 500000)
 11 words of extra memory for PDF output out of 10000 (max. 10000000)

